This is pdfTeX, Version 3.141592653-2.6-1.40.25 (TeX Live 2023) (preloaded format=pdflatex 2024.1.17)  28 MAY 2024 12:45
entering extended mode
 restricted \write18 enabled.
 file:line:error style messages enabled.
 %&-line parsing enabled.
**/home/gerrit/Documents/PHD/CATHODE_Paper/main.tex
(/home/gerrit/Documents/PHD/CATHODE_Paper/main.tex
LaTeX2e <2023-11-01>
L3 programming layer <2024-01-04>
(/usr/local/texlive/2023/texmf-dist/tex/latex/revtex/revtex4-2.cls
Document Class: revtex4-2 2022/06/05 4.2f (https://journals.aps.org/revtex/ for documentation)
 Copyright (c) 2019 American Physical Society.
 mailto:revtex@aps.org
 Licensed under the LPPL:
http://www.ctan.org/tex-archive/macros/latex/base/lppl.txt
 Arthur Ogawa <arthur_ogawa at sbcglobal dot net>
 Based on work by David Carlisle <david at dcarlisle.demon.co.uk>
 Version (4.2d--4.2f): Modified by Mark Doyle and Phelype Oleinik
 .
ltxutil[2022/06/05 4.2f utilities package (portions licensed from W. E. Baxter web at superscript.com)]
LaTeX Info: Redefining \@centercr on input line 356.
Class revtex4-2 Info: Repairing broken LaTeX eqnarray on input line 417.
\eqncolsep=\skip48
Class revtex4-2 Info: Repairing hyperref-unfriendly LaTeX definition of \mpfootnote on input line 492.
Class revtex4-2 Info: Repairing broken LateX \@sect on input line 814.
\intertabularlinepenalty=\count187
\@tbpen=\count188
\@arstrutbox@hline=\box51
Class revtex4-2 Info: Repairing broken LaTeX \@xbitor on input line 1845.
Class revtex4-2 Info: Making \typeout \long on input line 2110.
ltxfront[2022/06/05 4.2f frontmatter package (AO,DPC,MD)]
\c@affil=\count189
\c@collab=\count190
\absbox=\box52
ltxgrid[2022/06/05 4.2f page grid package (portions licensed from W. E. Baxter web at superscript.com)]
\c@linecount=\count191
\output@latex=\toks17
\box@size@1=\box53
\box@size@2=\box54
\@protection@box=\box55
\@topmark@saved=\toks18
\footins@saved=\box56
\footins@recovered=\box57
\column@recovered=\box58
\pagesofar=\box59
\footsofar=\box60
\pagegrid@col=\count192
Class revtex4-2 Info: Overriding \@vspace, \@vspacer, \@no@pgbk, \@newline, and \\  on input line 5676.
\c@part=\count193
\c@section=\count194
\c@subsection=\count195
\c@subsubsection=\count196
\c@paragraph=\count197
\c@subparagraph=\count198
\abovecaptionskip=\skip49
\belowcaptionskip=\skip50
\c@figure=\count199
\fbox@1=\box61
\c@table=\count266
\fbox@2=\box62
\c@video=\count267
\fbox@4=\box63
\@bibdataout=\write3
\widetext@top=\box64
\widetext@bot=\box65

Class revtex4-2 Warning: No Society specified, using default society aps.

(/usr/local/texlive/2023/texmf-dist/tex/latex/revtex/aps4-2.rtx
File: aps4-2 2022/06/05 4.2f (https://journals.aps.org/revtex/ for documentation)
Class revtex4-2 Info: RevTeX society APS selected on input line 40.
)
Class revtex4-2 Info: Selecting journal prd on input line 7671.
Class revtex4-2 Info: APS journal PRD selected on input line 7672.


Class revtex4-2 Warning: No type size specified, using default 10.

(/usr/local/texlive/2023/texmf-dist/tex/latex/revtex/aps10pt4-2.rtx
File: aps10pt4-2 2022/06/05 4.2f (https://journals.aps.org/revtex/ for documentation)
Class revtex4-2 Info: RevTeX pointsize 10pt selected on input line 39.
) (/usr/local/texlive/2023/texmf-dist/tex/latex/textcase/textcase.sty
Package: textcase 2023/07/27 v1.04 Text only upper/lower case changing (DPC)
Package textcase Info: Defining Legacy names on input line 20.
) (/usr/local/texlive/2023/texmf-dist/tex/latex/url/url.sty
\Urlmuskip=\muskip16
Package: url 2013/09/16  ver 3.4  Verb mode for urls, etc.
) (/usr/local/texlive/2023/texmf-dist/tex/latex/natbib/natbib.sty
Package: natbib 2010/09/13 8.31b (PWD, AO)
\bibhang=\skip51
\bibsep=\skip52
LaTeX Info: Redefining \cite on input line 694.
\c@NAT@ctr=\count268
)
Class revtex4-2 Info: Repairing natbib's \BibitemShut on input line 7676.
 (/usr/local/texlive/2023/texmf-dist/tex/latex/revtex/revsymb4-2.sty
Package: revsymb4-2 2022/06/05 4.2f (https://journals.aps.org/revtex/ for documentation)
LaTeX Info: Redefining \REV@mathfrak on input line 128.
)) (/usr/local/texlive/2023/texmf-dist/tex/latex/base/inputenc.sty
Package: inputenc 2021/02/14 v1.3d Input encoding file
\inpenc@prehook=\toks19
\inpenc@posthook=\toks20
) (/usr/local/texlive/2023/texmf-dist/tex/latex/hyperref/hyperref.sty
Package: hyperref 2023-11-26 v7.01g Hypertext links for LaTeX
 (/usr/local/texlive/2023/texmf-dist/tex/generic/iftex/iftex.sty
Package: iftex 2022/02/03 v1.0f TeX engine tests
) (/usr/local/texlive/2023/texmf-dist/tex/generic/infwarerr/infwarerr.sty
Package: infwarerr 2019/12/03 v1.5 Providing info/warning/error messages (HO)
) (/usr/local/texlive/2023/texmf-dist/tex/latex/graphics/keyval.sty
Package: keyval 2022/05/29 v1.15 key=value parser (DPC)
\KV@toks@=\toks21
) (/usr/local/texlive/2023/texmf-dist/tex/latex/kvsetkeys/kvsetkeys.sty
Package: kvsetkeys 2022-10-05 v1.19 Key value parser (HO)
) (/usr/local/texlive/2023/texmf-dist/tex/generic/kvdefinekeys/kvdefinekeys.sty
Package: kvdefinekeys 2019-12-19 v1.6 Define keys (HO)
) (/usr/local/texlive/2023/texmf-dist/tex/generic/pdfescape/pdfescape.sty
Package: pdfescape 2019/12/09 v1.15 Implements pdfTeX's escape features (HO)
 (/usr/local/texlive/2023/texmf-dist/tex/generic/ltxcmds/ltxcmds.sty
Package: ltxcmds 2023-12-04 v1.26 LaTeX kernel commands for general use (HO)
) (/usr/local/texlive/2023/texmf-dist/tex/generic/pdftexcmds/pdftexcmds.sty
Package: pdftexcmds 2020-06-27 v0.33 Utility functions of pdfTeX for LuaTeX (HO)
Package pdftexcmds Info: \pdf@primitive is available.
Package pdftexcmds Info: \pdf@ifprimitive is available.
Package pdftexcmds Info: \pdfdraftmode found.
)) (/usr/local/texlive/2023/texmf-dist/tex/latex/hycolor/hycolor.sty
Package: hycolor 2020-01-27 v1.10 Color options for hyperref/bookmark (HO)
) (/usr/local/texlive/2023/texmf-dist/tex/latex/letltxmacro/letltxmacro.sty
Package: letltxmacro 2019/12/03 v1.6 Let assignment for LaTeX macros (HO)
) (/usr/local/texlive/2023/texmf-dist/tex/latex/auxhook/auxhook.sty
Package: auxhook 2019-12-17 v1.6 Hooks for auxiliary files (HO)
) (/usr/local/texlive/2023/texmf-dist/tex/latex/hyperref/nameref.sty
Package: nameref 2023-11-26 v2.56 Cross-referencing by name of section
 (/usr/local/texlive/2023/texmf-dist/tex/latex/refcount/refcount.sty
Package: refcount 2019/12/15 v3.6 Data extraction from label references (HO)
) (/usr/local/texlive/2023/texmf-dist/tex/generic/gettitlestring/gettitlestring.sty
Package: gettitlestring 2019/12/15 v1.6 Cleanup title references (HO)
 (/usr/local/texlive/2023/texmf-dist/tex/latex/kvoptions/kvoptions.sty
Package: kvoptions 2022-06-15 v3.15 Key value format for package options (HO)
))

Package nameref Warning: The definition of \label has changed! 
(nameref)                Check your packages! 
(nameref)                Replacing it with the kernel definition on input line 149.

\c@section@level=\count269
) (/usr/local/texlive/2023/texmf-dist/tex/latex/etoolbox/etoolbox.sty
Package: etoolbox 2020/10/05 v2.5k e-TeX tools for LaTeX (JAW)
\etb@tempcnta=\count270
)
\@linkdim=\dimen140
\Hy@linkcounter=\count271
\Hy@pagecounter=\count272
 (/usr/local/texlive/2023/texmf-dist/tex/latex/hyperref/pd1enc.def
File: pd1enc.def 2023-11-26 v7.01g Hyperref: PDFDocEncoding definition (HO)
Now handling font encoding PD1 ...
... no UTF-8 mapping file for font encoding PD1
) (/usr/local/texlive/2023/texmf-dist/tex/generic/intcalc/intcalc.sty
Package: intcalc 2019/12/15 v1.3 Expandable calculations with integers (HO)
)
\Hy@SavedSpaceFactor=\count273
 (/usr/local/texlive/2023/texmf-dist/tex/latex/hyperref/puenc.def
File: puenc.def 2023-11-26 v7.01g Hyperref: PDF Unicode definition (HO)
Now handling font encoding PU ...
... no UTF-8 mapping file for font encoding PU
)
Package hyperref Info: Option `colorlinks' set `true' on input line 4064.
Package hyperref Info: Hyper figures OFF on input line 4181.
Package hyperref Info: Link nesting OFF on input line 4186.
Package hyperref Info: Hyper index ON on input line 4189.
Package hyperref Info: Plain pages OFF on input line 4196.
Package hyperref Info: Backreferencing OFF on input line 4201.
Package hyperref Info: Implicit mode ON; LaTeX internals redefined.
Package hyperref Info: Bookmarks ON on input line 4448.
LaTeX Info: Redefining \href on input line 4697.
\c@Hy@tempcnt=\count274
LaTeX Info: Redefining \url on input line 4786.
\XeTeXLinkMargin=\dimen141
 (/usr/local/texlive/2023/texmf-dist/tex/generic/bitset/bitset.sty
Package: bitset 2019/12/09 v1.3 Handle bit-vector datatype (HO)
 (/usr/local/texlive/2023/texmf-dist/tex/generic/bigintcalc/bigintcalc.sty
Package: bigintcalc 2019/12/15 v1.5 Expandable calculations on big integers (HO)
))
\Fld@menulength=\count275
\Field@Width=\dimen142
\Fld@charsize=\dimen143
Package hyperref Info: Hyper figures OFF on input line 6065.
Package hyperref Info: Link nesting OFF on input line 6070.
Package hyperref Info: Hyper index ON on input line 6073.
Package hyperref Info: backreferencing OFF on input line 6080.
Package hyperref Info: Link coloring ON on input line 6083.
Package hyperref Info: Link coloring with OCG OFF on input line 6090.
Package hyperref Info: PDF/A mode OFF on input line 6095.
 (/usr/local/texlive/2023/texmf-dist/tex/latex/base/atbegshi-ltx.sty
Package: atbegshi-ltx 2021/01/10 v1.0c Emulation of the original atbegshi
package with kernel methods
)
\Hy@abspage=\count276
\c@Item=\count277
\c@Hfootnote=\count278
)
Package hyperref Info: Driver (autodetected): hpdftex.
 (/usr/local/texlive/2023/texmf-dist/tex/latex/hyperref/hpdftex.def
File: hpdftex.def 2023-11-26 v7.01g Hyperref driver for pdfTeX
 (/usr/local/texlive/2023/texmf-dist/tex/latex/base/atveryend-ltx.sty
Package: atveryend-ltx 2020/08/19 v1.0a Emulation of the original atveryend package
with kernel methods
)
\Fld@listcount=\count279
\c@bookmark@seq@number=\count280
 (/usr/local/texlive/2023/texmf-dist/tex/latex/rerunfilecheck/rerunfilecheck.sty
Package: rerunfilecheck 2022-07-10 v1.10 Rerun checks for auxiliary files (HO)
 (/usr/local/texlive/2023/texmf-dist/tex/generic/uniquecounter/uniquecounter.sty
Package: uniquecounter 2019/12/15 v1.4 Provide unlimited unique counter (HO)
)
Package uniquecounter Info: New unique counter `rerunfilecheck' on input line 285.
)
\Hy@SectionHShift=\skip53
) (/usr/local/texlive/2023/texmf-dist/tex/latex/amsfonts/amssymb.sty
Package: amssymb 2013/01/14 v3.01 AMS font symbols
 (/usr/local/texlive/2023/texmf-dist/tex/latex/amsfonts/amsfonts.sty
Package: amsfonts 2013/01/14 v3.01 Basic AMSFonts support
\@emptytoks=\toks22
\symAMSa=\mathgroup4
\symAMSb=\mathgroup5
LaTeX Font Info:    Redeclaring math symbol \hbar on input line 98.
LaTeX Font Info:    Overwriting math alphabet `\mathfrak' in version `bold'
(Font)                  U/euf/m/n --> U/euf/b/n on input line 106.
LaTeX Info: Redefining \frak on input line 111.
LaTeX Info: Redefining \Bbb on input line 113.
)) (/usr/local/texlive/2023/texmf-dist/tex/latex/amsmath/amsmath.sty
Package: amsmath 2023/05/13 v2.17o AMS math features
\@mathmargin=\skip54

For additional information on amsmath, use the `?' option.
(/usr/local/texlive/2023/texmf-dist/tex/latex/amsmath/amstext.sty
Package: amstext 2021/08/26 v2.01 AMS text
 (/usr/local/texlive/2023/texmf-dist/tex/latex/amsmath/amsgen.sty
File: amsgen.sty 1999/11/30 v2.0 generic functions
\@emptytoks=\toks23
\ex@=\dimen144
)
LaTeX Info: Redefining \text on input line 28.
) (/usr/local/texlive/2023/texmf-dist/tex/latex/amsmath/amsbsy.sty
Package: amsbsy 1999/11/29 v1.2d Bold Symbols
\pmbraise@=\dimen145
) (/usr/local/texlive/2023/texmf-dist/tex/latex/amsmath/amsopn.sty
Package: amsopn 2022/04/08 v2.04 operator names
)
\inf@bad=\count281
LaTeX Info: Redefining \frac on input line 234.
\uproot@=\count282
\leftroot@=\count283
LaTeX Info: Redefining \overline on input line 399.
LaTeX Info: Redefining \colon on input line 410.
\classnum@=\count284
\DOTSCASE@=\count285
LaTeX Info: Redefining \ldots on input line 496.
LaTeX Info: Redefining \dots on input line 499.
LaTeX Info: Redefining \cdots on input line 620.
\Mathstrutbox@=\box66
\strutbox@=\box67
LaTeX Info: Redefining \big on input line 722.
LaTeX Info: Redefining \Big on input line 723.
LaTeX Info: Redefining \bigg on input line 724.
LaTeX Info: Redefining \Bigg on input line 725.
\big@size=\dimen146
LaTeX Font Info:    Redeclaring font encoding OML on input line 743.
LaTeX Font Info:    Redeclaring font encoding OMS on input line 744.
\macc@depth=\count286
LaTeX Info: Redefining \bmod on input line 905.
LaTeX Info: Redefining \pmod on input line 910.
LaTeX Info: Redefining \smash on input line 940.
LaTeX Info: Redefining \relbar on input line 970.
LaTeX Info: Redefining \Relbar on input line 971.
\c@MaxMatrixCols=\count287
\dotsspace@=\muskip17
\c@parentequation=\count288
\dspbrk@lvl=\count289
\tag@help=\toks24
\row@=\count290
\column@=\count291
\maxfields@=\count292
\andhelp@=\toks25
\eqnshift@=\dimen147
\alignsep@=\dimen148
\tagshift@=\dimen149
\tagwidth@=\dimen150
\totwidth@=\dimen151
\lineht@=\dimen152
\@envbody=\toks26
\multlinegap=\skip55
\multlinetaggap=\skip56
\mathdisplay@stack=\toks27
LaTeX Info: Redefining \[ on input line 2953.
LaTeX Info: Redefining \] on input line 2954.
) (/usr/local/texlive/2023/texmf-dist/tex/latex/graphics/graphicx.sty
Package: graphicx 2021/09/16 v1.2d Enhanced LaTeX Graphics (DPC,SPQR)
 (/usr/local/texlive/2023/texmf-dist/tex/latex/graphics/graphics.sty
Package: graphics 2022/03/10 v1.4e Standard LaTeX Graphics (DPC,SPQR)
 (/usr/local/texlive/2023/texmf-dist/tex/latex/graphics/trig.sty
Package: trig 2021/08/11 v1.11 sin cos tan (DPC)
) (/usr/local/texlive/2023/texmf-dist/tex/latex/graphics-cfg/graphics.cfg
File: graphics.cfg 2016/06/04 v1.11 sample graphics configuration
)
Package graphics Info: Driver file: pdftex.def on input line 107.
 (/usr/local/texlive/2023/texmf-dist/tex/latex/graphics-def/pdftex.def
File: pdftex.def 2022/09/22 v1.2b Graphics/color driver for pdftex
))
\Gin@req@height=\dimen153
\Gin@req@width=\dimen154
) (/usr/local/texlive/2023/texmf-dist/tex/latex/footmisc/footmisc.sty
Package: footmisc 2023/07/05 v6.0f a miscellany of footnote facilities
\FN@temptoken=\toks28
\footnotemargin=\dimen155
\@outputbox@depth=\dimen156
Package footmisc Info: Declaring symbol style bringhurst on input line 696.
Package footmisc Info: Declaring symbol style chicago on input line 704.
Package footmisc Info: Declaring symbol style wiley on input line 713.
Package footmisc Info: Declaring symbol style lamport-robust on input line 724.
Package footmisc Info: Declaring symbol style lamport* on input line 744.
Package footmisc Info: Declaring symbol style lamport*-robust on input line 765.
) (/usr/local/texlive/2023/texmf-dist/tex/latex/multirow/multirow.sty
Package: multirow 2021/03/15 v2.8 Span multiple rows of a table
\multirow@colwidth=\skip57
\multirow@cntb=\count293
\multirow@dima=\skip58
\bigstrutjot=\dimen157
) (/usr/local/texlive/2023/texmf-dist/tex/latex/makecell/makecell.sty
Package: makecell 2009/08/03 V0.1e Managing of Tab Column Heads and Cells
 (/usr/local/texlive/2023/texmf-dist/tex/latex/tools/array.sty
Package: array 2023/10/16 v2.5g Tabular extension package (FMi)
\col@sep=\dimen158
\ar@mcellbox=\box68
\extrarowheight=\dimen159
\NC@list=\toks29
\extratabsurround=\skip59
\backup@length=\skip60
\ar@cellbox=\box69
)
\rotheadsize=\dimen160
\c@nlinenum=\count294
\TeXr@lab=\toks30
) (/usr/local/texlive/2023/texmf-dist/tex/latex/tools/enumerate.sty
Package: enumerate 2023/07/04 v3.00 enumerate extensions (DPC)
\@enLab=\toks31
) (/usr/local/texlive/2023/texmf-dist/tex/latex/tools/hhline.sty
Package: hhline 2020/01/04 v2.04 Table rule package (DPC)
) (/usr/local/texlive/2023/texmf-dist/tex/latex/comment/comment.sty
\CommentStream=\write4
 Excluding comment 'comment') (/usr/local/texlive/2023/texmf-dist/tex/latex/units/nicefrac.sty
Package: nicefrac 1998/08/04 v0.9b Nice fractions
\L@UnitsRaiseDisplaystyle=\skip61
\L@UnitsRaiseTextstyle=\skip62
\L@UnitsRaiseScriptstyle=\skip63
 (/usr/local/texlive/2023/texmf-dist/tex/latex/base/ifthen.sty
Package: ifthen 2022/04/13 v1.1d Standard LaTeX ifthen package (DPC)
))
Class revtex4-2 Info: Unrecognized array package. Please update this document class! (Proceeding with fingers crossed.) on input line 29.
Class revtex4-2 Info: cite was not loaded (OK!) on input line 29.
Class revtex4-2 Info: mcite was not loaded (OK!) on input line 29.
Class revtex4-2 Info: multicol was not loaded (OK!) on input line 29.
 (/usr/local/texlive/2023/texmf-dist/tex/latex/l3backend/l3backend-pdftex.def
File: l3backend-pdftex.def 2024-01-04 L3 backend support: PDF output (pdfTeX)
\l__color_backend_stack_int=\count295
\l__pdf_internal_box=\box70
) (build/main.aux)
\openout1 = `main.aux'.

LaTeX Font Info:    Checking defaults for OML/cmm/m/it on input line 29.
LaTeX Font Info:    ... okay on input line 29.
LaTeX Font Info:    Checking defaults for OMS/cmsy/m/n on input line 29.
LaTeX Font Info:    ... okay on input line 29.
LaTeX Font Info:    Checking defaults for OT1/cmr/m/n on input line 29.
LaTeX Font Info:    ... okay on input line 29.
LaTeX Font Info:    Checking defaults for T1/cmr/m/n on input line 29.
LaTeX Font Info:    ... okay on input line 29.
LaTeX Font Info:    Checking defaults for TS1/cmr/m/n on input line 29.
LaTeX Font Info:    ... okay on input line 29.
LaTeX Font Info:    Checking defaults for OMX/cmex/m/n on input line 29.
LaTeX Font Info:    ... okay on input line 29.
LaTeX Font Info:    Checking defaults for U/cmr/m/n on input line 29.
LaTeX Font Info:    ... okay on input line 29.
LaTeX Font Info:    Checking defaults for PD1/pdf/m/n on input line 29.
LaTeX Font Info:    ... okay on input line 29.
LaTeX Font Info:    Checking defaults for PU/pdf/m/n on input line 29.
LaTeX Font Info:    ... okay on input line 29.
 (/usr/local/texlive/2023/texmf-dist/tex/latex/graphics/color.sty
Package: color 2022/01/06 v1.3d Standard LaTeX Color (DPC)
 (/usr/local/texlive/2023/texmf-dist/tex/latex/graphics-cfg/color.cfg
File: color.cfg 2016/01/02 v1.6 sample color configuration
)
Package color Info: Driver file: pdftex.def on input line 149.
 (/usr/local/texlive/2023/texmf-dist/tex/latex/graphics/mathcolor.ltx))
Package hyperref Info: Link coloring ON on input line 29.
 (build/main.out) (build/main.out)
\@outlinefile=\write5
\openout5 = `main.out'.

 (/usr/local/texlive/2023/texmf-dist/tex/context/base/mkii/supp-pdf.mkii
[Loading MPS to PDF converter (version 2006.09.02).]
\scratchcounter=\count296
\scratchdimen=\dimen161
\scratchbox=\box71
\nofMPsegments=\count297
\nofMParguments=\count298
\everyMPshowfont=\toks32
\MPscratchCnt=\count299
\MPscratchDim=\dimen162
\MPnumerator=\count300
\makeMPintoPDFobject=\count301
\everyMPtoPDFconversion=\toks33
) (/usr/local/texlive/2023/texmf-dist/tex/latex/epstopdf-pkg/epstopdf-base.sty
Package: epstopdf-base 2020-01-24 v2.11 Base part for package epstopdf
Package epstopdf-base Info: Redefining graphics rule for `.eps' on input line 485.
 (/usr/local/texlive/2023/texmf-dist/tex/latex/latexconfig/epstopdf-sys.cfg
File: epstopdf-sys.cfg 2010/07/13 v1.3 Configuration of (r)epstopdf for TeX Live
))
Class revtex4-2 Info: Taking \maketitle back from hyperref on input line 29.
\openout3 = `mainNotes.bib'.

LaTeX Font Info:    Trying to load font information for U+msa on input line 58.
 (/usr/local/texlive/2023/texmf-dist/tex/latex/amsfonts/umsa.fd
File: umsa.fd 2013/01/14 v3.01 AMS symbols A
)
LaTeX Font Info:    Trying to load font information for U+msb on input line 58.
 (/usr/local/texlive/2023/texmf-dist/tex/latex/amsfonts/umsb.fd
File: umsb.fd 2013/01/14 v3.01 AMS symbols B
)
<feynman_diag.pdf, id=92, 159.41559pt x 157.59578pt>
File: feynman_diag.pdf Graphic file (type pdf)
<use feynman_diag.pdf>
Package pdftex.def Info: feynman_diag.pdf  used on input line 94.
(pdftex.def)             Requested size: 147.6015pt x 145.9229pt.
 [1{/usr/local/texlive/2023/texmf-var/fonts/map/pdftex/updmap/pdftex.map}]

LaTeX Warning: A float is stuck (cannot be placed) on input line 100.


LaTeX Warning: A float is stuck (cannot be placed) on input line 100.


Class revtex4-2 Warning: Deferred float stuck during \clearpage processing.


Underfull \hbox (badness 10000) in paragraph at lines 125--128
[]\OT1/cmr/m/n/10 All events are gen-er-ated with \OT1/cmr/m/sc/10 Mad-
 []


Underfull \hbox (badness 2213) in paragraph at lines 125--128
\OT1/cmr/m/sc/10 Graph5[]aMC@NLO 3.2.0 \OT1/cmr/m/n/10 with $[] = 13 []$.
 []


Underfull \hbox (badness 2261) in paragraph at lines 125--128
\OT1/cmr/m/n/10 next-to-leading-order cross sec-tions [[]]. De-tec-tor
 []

[2 <./feynman_diag.pdf>]
Underfull \hbox (badness 2005) in paragraph at lines 137--138
 \OML/cmm/m/it/10 m[] \OT1/cmr/m/n/10 = [] \OML/cmm/m/it/10 <
 []

<Mj1_woSR.png, id=172, 530.245pt x 336.12778pt>
File: Mj1_woSR.png Graphic file (type png)
<use Mj1_woSR.png>
Package pdftex.def Info: Mj1_woSR.png  used on input line 160.
(pdftex.def)             Requested size: 246.0pt x 155.9439pt.
<Mj2.png, id=177, 529.7391pt x 336.0555pt>
File: Mj2.png Graphic file (type png)
<use Mj2.png>
Package pdftex.def Info: Mj2.png  used on input line 171.
(pdftex.def)             Requested size: 249.9028pt x 158.53067pt.
<PTMiss.png, id=178, 516.0078pt x 337.5009pt>
File: PTMiss.png Graphic file (type png)
<use PTMiss.png>
Package pdftex.def Info: PTMiss.png  used on input line 172.
(pdftex.def)             Requested size: 249.9028pt x 163.45084pt.
<HT.png, id=179, 534.798pt x 336.0555pt>
File: HT.png Graphic file (type png)
<use HT.png>
Package pdftex.def Info: HT.png  used on input line 173.
(pdftex.def)             Requested size: 249.9028pt x 157.03336pt.
<TauJ1.png, id=180, 528.2937pt x 339.669pt>
File: TauJ1.png Graphic file (type png)
<use TauJ1.png>
Package pdftex.def Info: TauJ1.png  used on input line 174.
(pdftex.def)             Requested size: 249.9028pt x 160.67584pt.
<TauJ2.png, id=181, 528.2937pt x 339.669pt>
File: TauJ2.png Graphic file (type png)
<use TauJ2.png>
Package pdftex.def Info: TauJ2.png  used on input line 175.
(pdftex.def)             Requested size: 249.9028pt x 160.67584pt.
[3 <./Mj1_woSR.png>] [4 <./Mj2.png> <./PTMiss.png> <./HT.png> <./TauJ1.png> <./TauJ2.png>]
Underfull \hbox (badness 1881) in paragraph at lines 216--218
[]\OT1/cmr/m/n/10 For den-sity es-ti-ma-tion, a Masked Au-tore-gres-sive
 []

<R.pdf, id=238, 517.53415pt x 333.87262pt>
File: R.pdf Graphic file (type pdf)
<use R.pdf>
Package pdftex.def Info: R.pdf  used on input line 281.
(pdftex.def)             Requested size: 221.3985pt x 142.82881pt.
[5]

LaTeX Warning: A float is stuck (cannot be placed) on input line 292.


LaTeX Warning: A float is stuck (cannot be placed) on input line 292.


Class revtex4-2 Warning: Deferred float stuck during \clearpage processing.


Underfull \hbox (badness 1320) in paragraph at lines 307--311
[]\OT1/cmr/m/n/10 We start by us-ing the lim-ited fea-ture set $\OML/cmm/m/it/10 x \OT1/cmr/m/n/10 =
 []

<ZZ.pdf, id=255, 532.37346pt x 369.60475pt>
File: ZZ.pdf Graphic file (type pdf)
<use ZZ.pdf>
Package pdftex.def Info: ZZ.pdf  used on input line 325.
(pdftex.def)             Requested size: 221.3985pt x 153.7102pt.

Underfull \hbox (badness 6741) in paragraph at lines 330--331
[]\OT1/cmr/m/n/10 From now on we will use the five fea-tures
 []

[6 <./R.pdf>]

LaTeX Warning: A float is stuck (cannot be placed) on input line 331.


LaTeX Warning: A float is stuck (cannot be placed) on input line 331.


Class revtex4-2 Warning: Deferred float stuck during \clearpage processing.

<HH.pdf, id=292, 532.37346pt x 369.60475pt>
File: HH.pdf Graphic file (type pdf)
<use HH.pdf>
Package pdftex.def Info: HH.pdf  used on input line 343.
(pdftex.def)             Requested size: 221.3985pt x 153.7102pt.
<HH-HZ-ZZ.pdf, id=301, 532.37346pt x 369.60475pt>
File: HH-HZ-ZZ.pdf Graphic file (type pdf)
<use HH-HZ-ZZ.pdf>
Package pdftex.def Info: HH-HZ-ZZ.pdf  used on input line 353.
(pdftex.def)             Requested size: 221.3985pt x 153.7102pt.
<ZH_Signal.png, id=305, 531.9072pt x 336.0555pt>
File: ZH_Signal.png Graphic file (type png)
<use ZH_Signal.png>
Package pdftex.def Info: ZH_Signal.png  used on input line 362.
(pdftex.def)             Requested size: 221.3985pt x 139.8809pt.
[7 <./ZZ.pdf> <./HH.pdf>]

LaTeX Warning: A float is stuck (cannot be placed) on input line 367.


LaTeX Warning: A float is stuck (cannot be placed) on input line 367.


Class revtex4-2 Warning: Deferred float stuck during \clearpage processing.

<2000GeVBr.pdf, id=364, 533.37685pt x 369.9416pt>
File: 2000GeVBr.pdf Graphic file (type pdf)
<use 2000GeVBr.pdf>
Package pdftex.def Info: 2000GeVBr.pdf  used on input line 370.
(pdftex.def)             Requested size: 221.3985pt x 153.55676pt.
<2000GeV_MH100GeVMassWindow.pdf, id=367, 532.37346pt x 368.64357pt>
File: 2000GeV_MH100GeVMassWindow.pdf Graphic file (type pdf)
<use 2000GeV_MH100GeVMassWindow.pdf>
Package pdftex.def Info: 2000GeV_MH100GeVMassWindow.pdf  used on input line 382.
(pdftex.def)             Requested size: 221.3985pt x 153.31047pt.
<2000GeV_MH.pdf, id=369, 535.24313pt x 368.64357pt>
File: 2000GeV_MH.pdf Graphic file (type pdf)
<use 2000GeV_MH.pdf>
Package pdftex.def Info: 2000GeV_MH.pdf  used on input line 391.
(pdftex.def)             Requested size: 221.3985pt x 152.4836pt.
[8 <./HH-HZ-ZZ.pdf> <./ZH_Signal.png> <./2000GeVBr.pdf>]

LaTeX Warning: A float is stuck (cannot be placed) on input line 400.


LaTeX Warning: A float is stuck (cannot be placed) on input line 400.


Class revtex4-2 Warning: Deferred float stuck during \clearpage processing.


Underfull \hbox (badness 1888) in paragraph at lines 401--402
[]\OT1/cmr/m/n/10 As a proof-of-concept demon-stra-tion, we ap-plied
 []

[9 <./2000GeV_MH100GeVMassWindow.pdf> <./2000GeV_MH.pdf>]
<PTMissErr.pdf, id=469, 530.2041pt x 413.61435pt>
File: PTMissErr.pdf Graphic file (type pdf)
<use PTMissErr.pdf>
Package pdftex.def Info: PTMissErr.pdf  used on input line 437.
(pdftex.def)             Requested size: 221.3985pt x 172.71335pt.
<137fb_clean.pdf, id=474, 529.65689pt x 362.59648pt>
File: 137fb_clean.pdf Graphic file (type pdf)
<use 137fb_clean.pdf>
Package pdftex.def Info: 137fb_clean.pdf  used on input line 460.
(pdftex.def)             Requested size: 221.3985pt x 151.5702pt.
<300fb.pdf, id=477, 529.65689pt x 362.59648pt>
File: 300fb.pdf Graphic file (type pdf)
<use 300fb.pdf>
Package pdftex.def Info: 300fb.pdf  used on input line 467.
(pdftex.def)             Requested size: 221.3985pt x 151.5702pt.
<ROC_ZZ.pdf, id=479, 530.66028pt x 366.45737pt>
File: ROC_ZZ.pdf Graphic file (type pdf)
<use ROC_ZZ.pdf>
Package pdftex.def Info: ROC_ZZ.pdf  used on input line 477.
(pdftex.def)             Requested size: 249.9028pt x 172.57048pt.
<ROC_HH.pdf, id=480, 530.66028pt x 366.45737pt>
File: ROC_HH.pdf Graphic file (type pdf)
<use ROC_HH.pdf>
Package pdftex.def Info: ROC_HH.pdf  used on input line 478.
(pdftex.def)             Requested size: 249.9028pt x 172.57048pt.
<ROC_HH-HZ-ZZ.pdf, id=481, 530.66028pt x 366.45737pt>
File: ROC_HH-HZ-ZZ.pdf Graphic file (type pdf)
<use ROC_HH-HZ-ZZ.pdf>
Package pdftex.def Info: ROC_HH-HZ-ZZ.pdf  used on input line 480.
(pdftex.def)             Requested size: 249.9028pt x 172.57048pt.
<ROC_MH.pdf, id=482, 530.66028pt x 366.45737pt>
File: ROC_MH.pdf Graphic file (type pdf)
<use ROC_MH.pdf>
Package pdftex.def Info: ROC_MH.pdf  used on input line 481.
(pdftex.def)             Requested size: 249.9028pt x 172.57048pt.
 [10 <./PTMissErr.pdf> <./137fb_clean.pdf> <./300fb.pdf>] (build/main.bbl
Underfull \hbox (badness 1478) in paragraph at lines 58--62
 []\OT1/cmr/m/n/9 Kees Benk-endor-fer, Luc Le Pot-tier, and Ben-jamin
 []


Underfull \hbox (badness 4242) in paragraph at lines 82--86
 []\OT1/cmr/m/n/9 Anna Hallin, Joshua Isaac-son, Gre-gor Kasieczka,
 []


Underfull \hbox (badness 1609) in paragraph at lines 118--122
 \OT1/cmr/m/n/9 Ben-jamin Nach-man.  Flow-enhanced trans-porta-tion
 []

[11]
Underfull \hbox (badness 4316) in paragraph at lines 136--140
 \OT1/cmtt/m/n/9 10 . 1007 % 2Fjhep09 % 282020 % 29149$[][]\OT1/cmr/m/n/9 , [][]$\OT1/cmtt/m/n/9 arXiv : 2008 . 04422$[][]\OT1/cmr/m/n/9 ,
 []


Underfull \hbox (badness 1478) in paragraph at lines 189--193
 []\OT1/cmr/m/n/9 Christian Bier-lich, Smita Chakraborty, Nishita De-
 []


Underfull \hbox (badness 2229) in paragraph at lines 189--193
 \OT1/cmr/m/n/9 L^^?onnblad, Stephen Mrenna, Ste-fan Pres-tel, Chris-
 []

[12 <./ROC_ZZ.pdf> <./ROC_HH.pdf> <./ROC_HH-HZ-ZZ.pdf> <./ROC_MH.pdf>]
Underfull \hbox (badness 10000) in paragraph at lines 195--199
 []\OT1/cmr/m/n/9 Michelangelo L. Mangano, Mauro Moretti, and
 []


Underfull \hbox (badness 5302) in paragraph at lines 195--199
 \OT1/cmr/m/n/9 Roberto Pit-tau.  Mul-ti-jet ma-trix el-e-ments and
 []


Underfull \hbox (badness 1584) in paragraph at lines 195--199
 \OT1/cmr/m/n/9 as a case study.  \OT1/cmr/m/it/9 Nu-clear Physics B\OT1/cmr/m/n/9 , 632(1):343--
 []


Underfull \hbox (badness 8094) in paragraph at lines 195--199
 \OT1/cmr/m/n/9 362, 2002.  URL: [][]$\OT1/cmtt/m/n/9 https : / / www . sciencedirect .
 []


Underfull \hbox (badness 10000) in paragraph at lines 195--199
 \OT1/cmtt/m/n/9 com / science / article / pii / S0550321302002493$[][]\OT1/cmr/m/n/9 ,
 []


Underfull \hbox (badness 2556) in paragraph at lines 201--205
 \OT1/cmr/m/n/9 e-ments and shower evo-lu-tion for top-pair pro-duc-
 []


Underfull \hbox (badness 1810) in paragraph at lines 201--205
 \OT1/cmr/m/n/9 tion in hadronic col-li-sions.  \OT1/cmr/m/it/9 Jour-nal of High En-
 []


Underfull \hbox (badness 3058) in paragraph at lines 248--252
 []\OT1/cmr/m/n/9 Prudhvi N. Bhat-tiprolu, Stephen P. Mar-tin, and
 []


Underfull \hbox (badness 10000) in paragraph at lines 248--252
 \OT1/cmtt/m/n/9 / / doi . org / 10 . 1140 % 2Fepjc % 2Fs10052-[]020-[]08819-[]6$[][]\OT1/cmr/m/n/9 ,
 []

) [13] (build/main.aux)
 ***********
LaTeX2e <2023-11-01>
L3 programming layer <2024-01-04>
 ***********
Package rerunfilecheck Info: File `main.out' has not changed.
(rerunfilecheck)             Checksum: 5D8D6CE3A2DC91F2639434E5C3AE8185;3448.
 ) 
Here is how much of TeX's memory you used:
 12720 strings out of 474166
 192790 string characters out of 5745489
 1962525 words of memory out of 5000000
 34735 multiletter control sequences out of 15000+600000
 566828 words of font info for 71 fonts, out of 8000000 for 9000
 1141 hyphenation exceptions out of 8191
 75i,10n,79p,1325b,731s stack positions out of 10000i,1000n,20000p,200000b,200000s
</usr/local/texlive/2023/texmf-dist/fonts/type1/public/amsfonts/cm/cmbx12.pfb></usr/local/texlive/2023/texmf-dist/fonts/type1/public/amsfonts/cm/cmbx9.pfb></usr/local/texlive/2023/texmf-dist/fonts/type1/public/amsfonts/cm/cmcsc10.pfb></usr/local/texlive/2023/texmf-dist/fonts/type1/public/amsfonts/cm/cmex10.pfb></usr/local/texlive/2023/texmf-dist/fonts/type1/public/amsfonts/cmextra/cmex7.pfb></usr/local/texlive/2023/texmf-dist/fonts/type1/public/amsfonts/cmextra/cmex9.pfb></usr/local/texlive/2023/texmf-dist/fonts/type1/public/amsfonts/cm/cmmi10.pfb></usr/local/texlive/2023/texmf-dist/fonts/type1/public/amsfonts/cm/cmmi12.pfb></usr/local/texlive/2023/texmf-dist/fonts/type1/public/amsfonts/cm/cmmi6.pfb></usr/local/texlive/2023/texmf-dist/fonts/type1/public/amsfonts/cm/cmmi7.pfb></usr/local/texlive/2023/texmf-dist/fonts/type1/public/amsfonts/cm/cmmi8.pfb></usr/local/texlive/2023/texmf-dist/fonts/type1/public/amsfonts/cm/cmmi9.pfb></usr/local/texlive/2023/texmf-dist/fonts/type1/public/amsfonts/cm/cmr10.pfb></usr/local/texlive/2023/texmf-dist/fonts/type1/public/amsfonts/cm/cmr12.pfb></usr/local/texlive/2023/texmf-dist/fonts/type1/public/amsfonts/cm/cmr17.pfb></usr/local/texlive/2023/texmf-dist/fonts/type1/public/amsfonts/cm/cmr5.pfb></usr/local/texlive/2023/texmf-dist/fonts/type1/public/amsfonts/cm/cmr6.pfb></usr/local/texlive/2023/texmf-dist/fonts/type1/public/amsfonts/cm/cmr7.pfb></usr/local/texlive/2023/texmf-dist/fonts/type1/public/amsfonts/cm/cmr8.pfb></usr/local/texlive/2023/texmf-dist/fonts/type1/public/amsfonts/cm/cmr9.pfb></usr/local/texlive/2023/texmf-dist/fonts/type1/public/amsfonts/cm/cmsl10.pfb></usr/local/texlive/2023/texmf-dist/fonts/type1/public/amsfonts/cm/cmss17.pfb></usr/local/texlive/2023/texmf-dist/fonts/type1/public/amsfonts/cm/cmsy10.pfb></usr/local/texlive/2023/texmf-dist/fonts/type1/public/amsfonts/cm/cmsy6.pfb></usr/local/texlive/2023/texmf-dist/fonts/type1/public/amsfonts/cm/cmsy7.pfb></usr/local/texlive/2023/texmf-dist/fonts/type1/public/amsfonts/cm/cmsy8.pfb></usr/local/texlive/2023/texmf-dist/fonts/type1/public/amsfonts/cm/cmsy9.pfb></usr/local/texlive/2023/texmf-dist/fonts/type1/public/amsfonts/cm/cmti9.pfb></usr/local/texlive/2023/texmf-dist/fonts/type1/public/amsfonts/cm/cmtt10.pfb></usr/local/texlive/2023/texmf-dist/fonts/type1/public/amsfonts/cm/cmtt8.pfb></usr/local/texlive/2023/texmf-dist/fonts/type1/public/amsfonts/cm/cmtt9.pfb>
Output written on build/main.pdf (13 pages, 1444382 bytes).
PDF statistics:
 924 PDF objects out of 1000 (max. 8388607)
 802 compressed objects within 9 object streams
 118 named destinations out of 1000 (max. 500000)
 279 words of extra memory for PDF output out of 10000 (max. 10000000)

